Thu Dec 22 20:05:03 2011 200 312 /challenges/solve/submit
Thu Dec 22 20:12:39 2011 200 446 /recruit/test/start
Thu Dec 22 20:32:04 2011 200 579 /
Thu Dec 22 20:36:18 2011 200 305 /
Thu Dec 22 21:49:17 2011 200 576 /users/signin?uid=5&pwd=yeahright
Thu Dec 22 22:04:59 2011 200 471 /
Thu Dec 22 23:27:03 2011 404 568 /recruit/test/start
Thu Dec 22 23:27:03 2011 200 305 /user/setpassword?id=6&password=coffeemug
Fri Dec 23 00:23:47 2011 200 301 /
Fri Dec 23 00:23:47 2011 200 531 /
Fri Dec 23 01:06:14 2011 200 510 /challenges/solve/view
Fri Dec 23 01:37:08 2011 200 428 /users/signin?uid=5&pwd=yeahright
Fri Dec 23 01:51:23 2011 404 558 /
Fri Dec 23 01:51:23 2011 200 400 /
Fri Dec 23 01:57:34 2011 200 543 /
Fri Dec 23 02:40:15 2011 301 521 /procure/items?name=pepsi&quantity=a-lot&volume=2L
Fri Dec 23 04:00:38 2011 200 417 /challenges/leaderboard/view
Fri Dec 23 04:00:38 2011 302 543 /
Fri Dec 23 04:12:12 2011 200 338 /
Fri Dec 23 04:12:12 2011 200 476 /questions/view/all?permissions=all
Fri Dec 23 04:12:12 2011 200 535 /users/signout
Fri Dec 23 05:23:18 2011 200 518 /users/signin?uid=5&pwd=yeahright
Fri Dec 23 06:02:18 2011 200 434 /questions/view/all?permissions=all
Fri Dec 23 07:05:22 2011 200 560 /users/signout
Fri Dec 23 07:06:52 2011 404 501 /
Fri Dec 23 07:06:52 2011 404 572 /
Fri Dec 23 08:25:33 2011 200 433 /
Fri Dec 23 09:05:32 2011 404 482 /challenges/solve/submit
Fri Dec 23 09:05:32 2011 200 569 /users/signin?uid=5&pwd=yeahright
Fri Dec 23 09:37:52 2011 200 573 /
Fri Dec 23 10:36:22 2011 404 530 /
Fri Dec 23 10:36:22 2011 200 352 /
Fri Dec 23 11:01:03 2011 200 425 /challenges/leaderboard/view
Fri Dec 23 11:26:01 2011 200 371 /challenges/solve/submit
Fri Dec 23 12:09:48 2011 404 564 /users/signin?uid=5&pwd=yeahright
Fri Dec 23 12:09:48 2011 200 464 /recruit/test/start
Fri Dec 23 12:58:48 2011 404 320 /procure/items?name=pepsi&quantity=a-lot&volume=2L
Fri Dec 23 13:47:35 2011 200 567 /questions/view/all?permissions=all
Fri Dec 23 13:57:13 2011 200 597 /questions/view/all?permissions=all
Fri Dec 23 14:50:44 2011 500 521 /challenges/solve/view
Fri Dec 23 15:45:33 2011 200 483 /challenges/leaderboard/view
Fri Dec 23 16:50:02 2011 200 313 /challenges/solve/view
Fri Dec 23 17:42:33 2011 200 383 /questions/view/all?permissions=all
Fri Dec 23 18:44:27 2011 200 485 /users/signout
Fri Dec 23 18:59:34 2011 200 306 /challenges/solve/view
Fri Dec 23 20:22:07 2011 302 481 /user/setpassword?id=6&password=coffeemug
Fri Dec 23 21:07:41 2011 200 434 /users/signout
Fri Dec 23 21:25:39 2011 200 362 /challenges/solve/submit
Fri Dec 23 22:00:17 2011 200 406 /
Fri Dec 23 22:03:06 2011 200 327 /challenges/solve/view
Fri Dec 23 23:19:52 2011 200 558 /
Sat Dec 24 00:30:14 2011 200 317 /recruit/test/start
Sat Dec 24 01:42:22 2011 301 577 /challenges/solve/submit
Sat Dec 24 02:36:56 2011 200 327 /recruit/test/start
Sat Dec 24 03:42:44 2011 404 463 /
Sat Dec 24 04:03:50 2011 200 341 /user/setpassword?id=6&password=coffeemug
Sat Dec 24 04:12:14 2011 200 557 /users/signin?uid=5&pwd=yeahright
Sat Dec 24 05:32:35 2011 200 578 /challenges/solve/submit
Sat Dec 24 05:32:35 2011 200 382 /questions/view/all?permissions=all
Sat Dec 24 05:45:10 2011 200 494 /users/signin?uid=5&pwd=yeahright
Sat Dec 24 06:18:00 2011 200 517 /
Sat Dec 24 06:18:00 2011 200 522 /
Sat Dec 24 06:48:42 2011 200 554 /challenges/solve/submit
Sat Dec 24 06:48:42 2011 200 443 /users/signout
Sat Dec 24 07:39:19 2011 200 525 /
Sat Dec 24 07:41:45 2011 200 305 /user/setpassword?id=6&password=coffeemug
Sat Dec 24 07:41:45 2011 302 526 /recruit/test/start
Sat Dec 24 07:41:45 2011 200 336 /procure/items?name=pepsi&quantity=a-lot&volume=2L
Sat Dec 24 07:41:45 2011 302 423 /user/setpassword?id=6&password=coffeemug
Sat Dec 24 07:43:09 2011 301 528 /
Sat Dec 24 08:55:28 2011 200 362 /challenges/solve/submit
Sat Dec 24 09:42:29 2011 200 440 /procure/items?name=pepsi&quantity=a-lot&volume=2L
Sat Dec 24 10:07:39 2011 200 329 /users/signout
Sat Dec 24 10:22:41 2011 200 519 /
Sat Dec 24 10:22:41 2011 200 432 /
Sat Dec 24 11:04:34 2011 200 517 /
Sat Dec 24 11:26:23 2011 302 305 /
Sat Dec 24 11:34:32 2011 404 325 /users/signin?uid=5&pwd=yeahright
Sat Dec 24 11:42:30 2011 200 301 /
Sat Dec 24 12:36:11 2011 200 329 /
Sat Dec 24 13:31:08 2011 200 520 /
Sat Dec 24 13:51:10 2011 200 530 /
Sat Dec 24 14:25:41 2011 200 458 /recruit/test/start
Sat Dec 24 14:36:36 2011 200 529 /challenges/solve/submit
Sat Dec 24 14:44:02 2011 200 568 /recruit/test/start
Sat Dec 24 15:32:49 2011 200 565 /user/setpassword?id=6&password=coffeemug
Sat Dec 24 15:32:49 2011 301 435 /
Sat Dec 24 16:13:33 2011 200 555 /procure/items?name=pepsi&quantity=a-lot&volume=2L
Sat Dec 24 16:16:46 2011 200 316 /users/signout
Sat Dec 24 17:04:30 2011 200 312 /recruit/test/start
Sat Dec 24 17:45:41 2011 200 310 /challenges/leaderboard/view
Sat Dec 24 18:27:45 2011 200 577 /
Sat Dec 24 18:47:41 2011 404 330 /
Sat Dec 24 19:23:39 2011 404 454 /procure/items?name=pepsi&quantity=a-lot&volume=2L
Sat Dec 24 20:30:36 2011 404 451 /
Sat Dec 24 20:30:36 2011 200 558 /procure/items?name=pepsi&quantity=a-lot&volume=2L
Sat Dec 24 20:40:56 2011 200 300 /
Sat Dec 24 21:36:53 2011 200 430 /challenges/solve/view
Sat Dec 24 21:36:53 2011 200 331 /questions/view/all?permissions=all
Sat Dec 24 21:58:33 2011 200 304 /questions/view/all?permissions=all
