Wed Dec 21 22:45:38 2011 200 312 /challenges/solve/submit
Wed Dec 21 22:53:14 2011 200 446 /recruit/test/start
Wed Dec 21 23:12:39 2011 200 579 /
Wed Dec 21 23:16:53 2011 200 305 /
Thu Dec 22 00:29:52 2011 200 576 /users/signin?uid=5&pwd=yeahright
Thu Dec 22 00:45:34 2011 200 471 /
Thu Dec 22 02:07:38 2011 404 568 /recruit/test/start
Thu Dec 22 02:07:38 2011 200 305 /user/setpassword?id=6&password=coffeemug
Thu Dec 22 03:04:22 2011 200 301 /
Thu Dec 22 03:04:22 2011 200 531 /
Thu Dec 22 03:46:49 2011 200 510 /challenges/solve/view
Thu Dec 22 04:17:43 2011 200 428 /users/signin?uid=5&pwd=yeahright
Thu Dec 22 04:31:58 2011 404 558 /
Thu Dec 22 04:31:58 2011 200 400 /
Thu Dec 22 04:38:09 2011 200 543 /
Thu Dec 22 05:20:50 2011 301 521 /procure/items?name=pepsi&quantity=a-lot&volume=2L
Thu Dec 22 06:41:13 2011 200 417 /challenges/leaderboard/view
Thu Dec 22 06:41:13 2011 302 543 /
Thu Dec 22 06:52:47 2011 200 338 /
Thu Dec 22 06:52:47 2011 200 476 /questions/view/all?permissions=all
Thu Dec 22 06:52:47 2011 200 535 /users/signout
Thu Dec 22 08:03:53 2011 200 518 /users/signin?uid=5&pwd=yeahright
Thu Dec 22 08:42:53 2011 200 434 /questions/view/all?permissions=all
Thu Dec 22 09:45:57 2011 200 560 /users/signout
Thu Dec 22 09:47:27 2011 404 501 /
Thu Dec 22 09:47:27 2011 404 572 /
Thu Dec 22 11:06:08 2011 200 433 /
Thu Dec 22 11:46:07 2011 404 482 /challenges/solve/submit
Thu Dec 22 11:46:07 2011 200 569 /users/signin?uid=5&pwd=yeahright
Thu Dec 22 12:18:27 2011 200 573 /
Thu Dec 22 13:16:57 2011 404 530 /
Thu Dec 22 13:16:57 2011 200 352 /
Thu Dec 22 13:41:38 2011 200 425 /challenges/leaderboard/view
Thu Dec 22 14:06:36 2011 200 371 /challenges/solve/submit
Thu Dec 22 14:50:23 2011 404 564 /users/signin?uid=5&pwd=yeahright
Thu Dec 22 14:50:23 2011 200 464 /recruit/test/start
Thu Dec 22 15:39:23 2011 404 320 /procure/items?name=pepsi&quantity=a-lot&volume=2L
Thu Dec 22 16:28:10 2011 200 567 /questions/view/all?permissions=all
Thu Dec 22 16:37:48 2011 200 597 /questions/view/all?permissions=all
Thu Dec 22 17:31:19 2011 500 521 /challenges/solve/view
Thu Dec 22 18:26:08 2011 200 483 /challenges/leaderboard/view
Thu Dec 22 19:30:37 2011 200 313 /challenges/solve/view
Thu Dec 22 20:23:08 2011 200 383 /questions/view/all?permissions=all
Thu Dec 22 21:25:02 2011 200 485 /users/signout
Thu Dec 22 21:40:09 2011 200 306 /challenges/solve/view
Thu Dec 22 23:02:42 2011 302 481 /user/setpassword?id=6&password=coffeemug
Thu Dec 22 23:48:16 2011 200 434 /users/signout
Fri Dec 23 00:06:14 2011 200 362 /challenges/solve/submit
Fri Dec 23 00:40:52 2011 200 406 /
Fri Dec 23 00:43:41 2011 200 327 /challenges/solve/view
Fri Dec 23 02:00:27 2011 200 558 /
Fri Dec 23 03:10:49 2011 200 317 /recruit/test/start
Fri Dec 23 04:22:57 2011 301 577 /challenges/solve/submit
Fri Dec 23 05:17:31 2011 200 327 /recruit/test/start
Fri Dec 23 06:23:19 2011 404 463 /
Fri Dec 23 06:44:25 2011 200 341 /user/setpassword?id=6&password=coffeemug
Fri Dec 23 06:52:49 2011 200 557 /users/signin?uid=5&pwd=yeahright
Fri Dec 23 08:13:10 2011 200 578 /challenges/solve/submit
Fri Dec 23 08:13:10 2011 200 382 /questions/view/all?permissions=all
Fri Dec 23 08:25:45 2011 200 494 /users/signin?uid=5&pwd=yeahright
Fri Dec 23 08:58:35 2011 200 517 /
Fri Dec 23 08:58:35 2011 200 522 /
Fri Dec 23 09:29:17 2011 200 554 /challenges/solve/submit
Fri Dec 23 09:29:17 2011 200 443 /users/signout
Fri Dec 23 10:19:54 2011 200 525 /
Fri Dec 23 10:22:20 2011 200 305 /user/setpassword?id=6&password=coffeemug
Fri Dec 23 10:22:20 2011 302 526 /recruit/test/start
Fri Dec 23 10:22:20 2011 200 336 /procure/items?name=pepsi&quantity=a-lot&volume=2L
Fri Dec 23 10:22:20 2011 302 423 /user/setpassword?id=6&password=coffeemug
Fri Dec 23 10:23:44 2011 301 528 /
Fri Dec 23 11:36:03 2011 200 362 /challenges/solve/submit
Fri Dec 23 12:23:04 2011 200 440 /procure/items?name=pepsi&quantity=a-lot&volume=2L
Fri Dec 23 12:48:14 2011 200 329 /users/signout
Fri Dec 23 13:03:16 2011 200 519 /
Fri Dec 23 13:03:16 2011 200 432 /
Fri Dec 23 13:45:09 2011 200 517 /
Fri Dec 23 14:06:58 2011 302 305 /
Fri Dec 23 14:15:07 2011 404 325 /users/signin?uid=5&pwd=yeahright
Fri Dec 23 14:23:05 2011 200 301 /
Fri Dec 23 15:16:46 2011 200 329 /
Fri Dec 23 16:11:43 2011 200 520 /
Fri Dec 23 16:31:45 2011 200 530 /
Fri Dec 23 17:06:16 2011 200 458 /recruit/test/start
Fri Dec 23 17:17:11 2011 200 529 /challenges/solve/submit
Fri Dec 23 17:24:37 2011 200 568 /recruit/test/start
Fri Dec 23 18:13:24 2011 200 565 /user/setpassword?id=6&password=coffeemug
Fri Dec 23 18:13:24 2011 301 435 /
Fri Dec 23 18:54:08 2011 200 555 /procure/items?name=pepsi&quantity=a-lot&volume=2L
Fri Dec 23 18:57:21 2011 200 316 /users/signout
Fri Dec 23 19:45:05 2011 200 312 /recruit/test/start
Fri Dec 23 20:26:16 2011 200 310 /challenges/leaderboard/view
Fri Dec 23 21:08:20 2011 200 577 /
Fri Dec 23 21:28:16 2011 404 330 /
Fri Dec 23 22:04:14 2011 404 454 /procure/items?name=pepsi&quantity=a-lot&volume=2L
Fri Dec 23 23:11:11 2011 404 451 /
Fri Dec 23 23:11:11 2011 200 558 /procure/items?name=pepsi&quantity=a-lot&volume=2L
Fri Dec 23 23:21:31 2011 200 300 /
Sat Dec 24 00:17:28 2011 200 430 /challenges/solve/view
Sat Dec 24 00:17:28 2011 200 331 /questions/view/all?permissions=all
Sat Dec 24 00:39:08 2011 200 304 /questions/view/all?permissions=all
Sat Dec 24 01:42:37 2011 200 506 /users/signout
Sat Dec 24 01:54:35 2011 200 523 /challenges/leaderboard/view
Sat Dec 24 02:09:03 2011 301 505 /procure/items?name=pepsi&quantity=a-lot&volume=2L
Sat Dec 24 02:37:46 2011 301 588 /procure/items?name=pepsi&quantity=a-lot&volume=2L
Sat Dec 24 03:35:00 2011 200 408 /challenges/leaderboard/view
Sat Dec 24 04:08:07 2011 200 422 /challenges/solve/submit
Sat Dec 24 04:15:31 2011 200 305 /
Sat Dec 24 04:46:43 2011 200 388 /challenges/leaderboard/view
Sat Dec 24 05:19:48 2011 200 509 /
Sat Dec 24 05:19:48 2011 200 350 /
Sat Dec 24 05:34:01 2011 200 458 /questions/view/all?permissions=all
Sat Dec 24 06:10:59 2011 200 341 /recruit/test/start
Sat Dec 24 07:21:09 2011 200 402 /
Sat Dec 24 07:24:57 2011 503 377 /recruit/test/start
Sat Dec 24 08:22:16 2011 200 542 /
Sat Dec 24 09:19:15 2011 200 527 /users/signout
Sat Dec 24 09:24:44 2011 200 441 /questions/view/all?permissions=all
Sat Dec 24 09:52:16 2011 301 351 /user/setpassword?id=6&password=coffeemug
Sat Dec 24 10:32:08 2011 200 531 /user/setpassword?id=6&password=coffeemug
Sat Dec 24 10:51:22 2011 404 379 /questions/view/all?permissions=all
Sat Dec 24 10:51:22 2011 200 563 /user/setpassword?id=6&password=coffeemug
Sat Dec 24 11:43:31 2011 200 403 /
Sat Dec 24 11:46:30 2011 200 421 /
Sat Dec 24 12:51:51 2011 200 514 /users/signin?uid=5&pwd=yeahright
Sat Dec 24 12:51:51 2011 200 570 /users/signout
Sat Dec 24 13:55:00 2011 200 558 /
Sat Dec 24 14:43:44 2011 500 447 /recruit/test/start
Sat Dec 24 14:52:27 2011 200 309 /
Sat Dec 24 15:15:22 2011 200 394 /challenges/leaderboard/view
Sat Dec 24 16:03:39 2011 200 443 /recruit/test/start
Sat Dec 24 16:58:25 2011 200 327 /
Sat Dec 24 16:58:25 2011 200 318 /
Sat Dec 24 17:32:45 2011 200 438 /
Sat Dec 24 18:17:20 2011 200 462 /procure/items?name=pepsi&quantity=a-lot&volume=2L
Sat Dec 24 19:32:08 2011 200 423 /user/setpassword?id=6&password=coffeemug
Sat Dec 24 20:41:28 2011 200 378 /challenges/solve/view
Sat Dec 24 20:41:28 2011 200 369 /recruit/test/start
Sat Dec 24 21:03:02 2011 200 338 /
Sat Dec 24 21:16:28 2011 200 507 /users/signout
Sat Dec 24 21:58:48 2011 301 431 /
Sat Dec 24 22:54:17 2011 200 574 /
Sat Dec 24 22:54:17 2011 301 339 /
Sat Dec 24 23:00:09 2011 200 364 /procure/items?name=pepsi&quantity=a-lot&volume=2L
Sun Dec 25 00:07:13 2011 200 523 /
Sun Dec 25 01:17:40 2011 200 329 /
Sun Dec 25 02:35:11 2011 302 330 /users/signout
Sun Dec 25 02:46:30 2011 200 504 /
Sun Dec 25 03:15:33 2011 200 362 /
Sun Dec 25 03:17:20 2011 200 459 /user/setpassword?id=6&password=coffeemug
Sun Dec 25 04:09:38 2011 301 333 /
Sun Dec 25 05:21:04 2011 200 532 /users/signin?uid=5&pwd=yeahright
Sun Dec 25 05:37:33 2011 200 442 /challenges/solve/view
Sun Dec 25 06:26:45 2011 200 560 /users/signout
Sun Dec 25 06:26:45 2011 200 430 /
Sun Dec 25 07:46:36 2011 200 589 /users/signout
Sun Dec 25 07:49:38 2011 302 560 /challenges/solve/view
Sun Dec 25 08:09:41 2011 200 558 /questions/view/all?permissions=all
Sun Dec 25 08:09:41 2011 200 356 /
Sun Dec 25 08:35:32 2011 503 386 /questions/view/all?permissions=all
Sun Dec 25 09:46:16 2011 200 437 /users/signout
Sun Dec 25 10:11:19 2011 500 302 /challenges/leaderboard/view
Sun Dec 25 11:24:23 2011 404 482 /challenges/solve/view
Sun Dec 25 11:40:35 2011 200 496 /challenges/leaderboard/view
Sun Dec 25 12:17:02 2011 200 561 /challenges/solve/submit
Sun Dec 25 12:26:12 2011 200 581 /
Sun Dec 25 13:24:27 2011 200 387 /challenges/solve/view
Sun Dec 25 14:13:23 2011 302 320 /
Sun Dec 25 14:20:12 2011 200 332 /
Sun Dec 25 14:51:52 2011 200 581 /
Sun Dec 25 15:06:25 2011 302 416 /challenges/solve/submit
Sun Dec 25 15:44:51 2011 200 547 /challenges/leaderboard/view
Sun Dec 25 16:43:29 2011 200 567 /
Sun Dec 25 16:49:07 2011 200 487 /
Sun Dec 25 17:13:31 2011 404 458 /
Sun Dec 25 17:33:20 2011 200 473 /user/setpassword?id=6&password=coffeemug
Sun Dec 25 18:55:29 2011 200 420 /users/signout
Sun Dec 25 19:40:58 2011 200 442 /challenges/solve/submit
Sun Dec 25 20:10:45 2011 200 322 /
Sun Dec 25 20:10:45 2011 200 357 /
Sun Dec 25 20:10:45 2011 200 395 /
Sun Dec 25 21:25:32 2011 200 343 /
Sun Dec 25 22:27:50 2011 404 549 /
Sun Dec 25 23:23:15 2011 200 341 /user/setpassword?id=6&password=coffeemug
Sun Dec 25 23:37:53 2011 404 479 /
Mon Dec 26 00:29:17 2011 301 326 /recruit/test/start
Mon Dec 26 01:16:06 2011 404 466 /user/setpassword?id=6&password=coffeemug
Mon Dec 26 02:17:24 2011 200 575 /challenges/solve/view
Mon Dec 26 02:17:24 2011 500 520 /questions/view/all?permissions=all
Mon Dec 26 02:21:14 2011 200 518 /recruit/test/start
Mon Dec 26 02:27:12 2011 200 578 /user/setpassword?id=6&password=coffeemug
Mon Dec 26 03:50:30 2011 200 445 /user/setpassword?id=6&password=coffeemug
Mon Dec 26 05:13:41 2011 200 393 /
Mon Dec 26 05:41:00 2011 301 440 /users/signout
Mon Dec 26 06:33:56 2011 200 440 /challenges/solve/submit
Mon Dec 26 06:41:27 2011 200 559 /
Mon Dec 26 07:05:31 2011 200 588 /challenges/leaderboard/view
Mon Dec 26 07:27:36 2011 301 327 /
Mon Dec 26 08:34:43 2011 200 443 /
Mon Dec 26 09:16:42 2011 200 491 /
Mon Dec 26 09:52:40 2011 200 305 /user/setpassword?id=6&password=coffeemug
Mon Dec 26 10:40:34 2011 200 377 /challenges/leaderboard/view
Mon Dec 26 10:43:50 2011 200 316 /
Mon Dec 26 10:43:50 2011 200 329 /questions/view/all?permissions=all
Mon Dec 26 11:39:45 2011 404 455 /challenges/solve/view
Mon Dec 26 12:50:02 2011 200 468 /users/signin?uid=5&pwd=yeahright
Mon Dec 26 14:06:27 2011 500 328 /
Mon Dec 26 14:07:56 2011 200 516 /user/setpassword?id=6&password=coffeemug
Mon Dec 26 14:08:33 2011 200 328 /
Mon Dec 26 15:04:09 2011 200 454 /questions/view/all?permissions=all
Mon Dec 26 15:09:13 2011 200 479 /
Mon Dec 26 15:16:22 2011 200 327 /challenges/solve/view
Mon Dec 26 16:12:14 2011 404 370 /
Mon Dec 26 17:00:30 2011 301 460 /
Mon Dec 26 17:48:11 2011 200 306 /
Mon Dec 26 18:35:45 2011 200 323 /user/setpassword?id=6&password=coffeemug
Mon Dec 26 19:23:43 2011 200 540 /
Mon Dec 26 19:50:03 2011 500 523 /challenges/leaderboard/view
Mon Dec 26 19:50:03 2011 200 394 /users/signout
Mon Dec 26 19:50:03 2011 500 430 /
Mon Dec 26 19:50:03 2011 200 575 /challenges/leaderboard/view
Mon Dec 26 20:33:25 2011 200 527 /
Mon Dec 26 21:12:33 2011 200 300 /challenges/solve/submit
Mon Dec 26 21:55:00 2011 200 476 /users/signin?uid=5&pwd=yeahright
Mon Dec 26 22:00:35 2011 200 518 /
Mon Dec 26 22:58:48 2011 301 549 /users/signin?uid=5&pwd=yeahright
Mon Dec 26 23:44:17 2011 500 462 /
Tue Dec 27 00:23:34 2011 200 394 /challenges/solve/submit
Tue Dec 27 00:53:02 2011 200 455 /
Tue Dec 27 01:04:00 2011 404 525 /users/signin?uid=5&pwd=yeahright
Tue Dec 27 02:04:38 2011 200 403 /challenges/solve/view
Tue Dec 27 02:44:54 2011 301 428 /challenges/leaderboard/view
Tue Dec 27 03:21:43 2011 200 576 /user/setpassword?id=6&password=coffeemug
Tue Dec 27 04:40:06 2011 302 578 /procure/items?name=pepsi&quantity=a-lot&volume=2L
Tue Dec 27 05:36:42 2011 301 464 /users/signout
Tue Dec 27 06:00:14 2011 200 312 /challenges/solve/submit
Tue Dec 27 06:42:57 2011 200 391 /
Tue Dec 27 06:43:45 2011 200 434 /user/setpassword?id=6&password=coffeemug
Tue Dec 27 08:05:17 2011 404 344 /recruit/test/start
Tue Dec 27 09:20:41 2011 200 434 /procure/items?name=pepsi&quantity=a-lot&volume=2L
Tue Dec 27 09:26:44 2011 200 357 /
Tue Dec 27 09:34:38 2011 200 302 /
Tue Dec 27 10:48:38 2011 200 371 /questions/view/all?permissions=all
Tue Dec 27 11:59:34 2011 200 583 /challenges/leaderboard/view
Tue Dec 27 12:57:31 2011 200 311 /
Tue Dec 27 13:40:49 2011 200 574 /
Tue Dec 27 14:09:38 2011 200 378 /challenges/solve/submit
Tue Dec 27 14:47:42 2011 200 435 /recruit/test/start
Tue Dec 27 15:13:56 2011 301 510 /recruit/test/start
Tue Dec 27 16:27:30 2011 200 397 /challenges/leaderboard/view
Tue Dec 27 16:35:17 2011 200 422 /challenges/solve/view
Tue Dec 27 17:07:39 2011 200 371 /challenges/solve/view
Tue Dec 27 17:50:00 2011 200 384 /
Tue Dec 27 19:06:10 2011 200 500 /challenges/solve/view
Tue Dec 27 20:00:15 2011 200 550 /
Tue Dec 27 20:00:15 2011 302 300 /recruit/test/start
Tue Dec 27 20:39:31 2011 200 487 /user/setpassword?id=6&password=coffeemug
Tue Dec 27 21:40:53 2011 200 497 /procure/items?name=pepsi&quantity=a-lot&volume=2L
Tue Dec 27 21:46:31 2011 404 437 /
Tue Dec 27 23:00:11 2011 200 455 /
Tue Dec 27 23:00:11 2011 200 492 /
Tue Dec 27 23:00:11 2011 404 341 /
Tue Dec 27 23:00:11 2011 200 464 /
Tue Dec 27 23:10:56 2011 503 360 /procure/items?name=pepsi&quantity=a-lot&volume=2L
Tue Dec 27 23:27:35 2011 404 553 /users/signout
Tue Dec 27 23:53:14 2011 200 326 /
Wed Dec 28 00:08:26 2011 200 507 /
Wed Dec 28 00:48:37 2011 200 540 /challenges/leaderboard/view
Wed Dec 28 00:48:37 2011 200 502 /users/signin?uid=5&pwd=yeahright
Wed Dec 28 01:37:06 2011 200 561 /questions/view/all?permissions=all
Wed Dec 28 02:29:04 2011 302 544 /users/signout
Wed Dec 28 02:29:04 2011 200 491 /questions/view/all?permissions=all
Wed Dec 28 02:29:04 2011 200 309 /challenges/leaderboard/view
Wed Dec 28 02:56:24 2011 200 321 /
Wed Dec 28 02:56:24 2011 200 506 /
Wed Dec 28 02:56:24 2011 200 356 /user/setpassword?id=6&password=coffeemug
Wed Dec 28 03:33:30 2011 200 306 /
Wed Dec 28 03:42:44 2011 200 597 /
Wed Dec 28 04:54:58 2011 200 454 /
Wed Dec 28 05:12:44 2011 301 403 /
Wed Dec 28 05:26:38 2011 200 467 /
Wed Dec 28 06:18:01 2011 302 488 /users/signout
Wed Dec 28 06:58:01 2011 200 337 /challenges/solve/view
Wed Dec 28 08:11:19 2011 200 334 /user/setpassword?id=6&password=coffeemug
Wed Dec 28 08:31:39 2011 200 581 /
Wed Dec 28 08:31:39 2011 200 579 /challenges/solve/submit
Wed Dec 28 08:32:39 2011 200 576 /challenges/solve/view
Wed Dec 28 09:41:29 2011 200 412 /
Wed Dec 28 10:31:59 2011 200 547 /
Wed Dec 28 11:48:14 2011 404 513 /challenges/solve/submit
Wed Dec 28 11:48:14 2011 200 351 /users/signout
Wed Dec 28 11:48:14 2011 200 429 /user/setpassword?id=6&password=coffeemug
Wed Dec 28 11:48:14 2011 200 587 /challenges/leaderboard/view
Wed Dec 28 12:39:58 2011 200 426 /
Wed Dec 28 13:43:10 2011 500 502 /recruit/test/start
Wed Dec 28 14:12:58 2011 200 461 /challenges/leaderboard/view
Wed Dec 28 14:12:58 2011 200 331 /
Wed Dec 28 14:55:37 2011 200 512 /
Wed Dec 28 16:02:23 2011 404 339 /
Wed Dec 28 16:05:48 2011 302 344 /user/setpassword?id=6&password=coffeemug
Wed Dec 28 17:13:40 2011 200 430 /
Wed Dec 28 17:35:06 2011 404 313 /procure/items?name=pepsi&quantity=a-lot&volume=2L
Wed Dec 28 17:35:06 2011 200 349 /users/signin?uid=5&pwd=yeahright
Wed Dec 28 17:35:06 2011 200 320 /challenges/solve/view
Wed Dec 28 18:06:59 2011 200 475 /challenges/solve/view
Wed Dec 28 18:06:59 2011 200 439 /challenges/solve/view
Wed Dec 28 18:11:26 2011 200 573 /questions/view/all?permissions=all
Wed Dec 28 19:19:56 2011 200 569 /challenges/leaderboard/view
Wed Dec 28 20:42:16 2011 200 471 /
Wed Dec 28 22:03:00 2011 200 514 /
Wed Dec 28 22:49:14 2011 200 546 /
Wed Dec 28 23:12:54 2011 200 357 /
Thu Dec 29 00:33:51 2011 301 523 /
Thu Dec 29 00:37:24 2011 200 334 /users/signout
Thu Dec 29 01:15:21 2011 200 506 /challenges/solve/view
Thu Dec 29 01:57:48 2011 200 388 /
Thu Dec 29 02:27:57 2011 503 588 /
Thu Dec 29 02:27:57 2011 503 398 /
Thu Dec 29 03:15:08 2011 200 355 /users/signout
Thu Dec 29 03:15:08 2011 200 597 /
Thu Dec 29 03:46:52 2011 301 421 /procure/items?name=pepsi&quantity=a-lot&volume=2L
Thu Dec 29 05:02:00 2011 200 565 /user/setpassword?id=6&password=coffeemug
Thu Dec 29 05:59:48 2011 200 454 /
Thu Dec 29 06:35:56 2011 500 566 /recruit/test/start
Thu Dec 29 07:18:13 2011 200 382 /user/setpassword?id=6&password=coffeemug
Thu Dec 29 07:37:34 2011 200 469 /recruit/test/start
Thu Dec 29 07:44:31 2011 200 382 /
Thu Dec 29 08:46:39 2011 200 413 /questions/view/all?permissions=all
Thu Dec 29 08:54:15 2011 200 580 /challenges/leaderboard/view
Thu Dec 29 10:16:35 2011 500 572 /
Thu Dec 29 10:18:42 2011 200 556 /
Thu Dec 29 10:18:42 2011 301 397 /
Thu Dec 29 10:30:52 2011 200 434 /
Thu Dec 29 10:47:44 2011 200 364 /
Thu Dec 29 11:49:37 2011 200 302 /recruit/test/start
Thu Dec 29 13:10:58 2011 404 480 /procure/items?name=pepsi&quantity=a-lot&volume=2L
Thu Dec 29 14:19:49 2011 200 375 /challenges/leaderboard/view
Thu Dec 29 14:44:56 2011 200 371 /procure/items?name=pepsi&quantity=a-lot&volume=2L
Thu Dec 29 14:52:03 2011 302 322 /user/setpassword?id=6&password=coffeemug
Thu Dec 29 16:01:03 2011 200 550 /challenges/solve/view
Thu Dec 29 16:03:29 2011 200 436 /
Thu Dec 29 16:03:29 2011 200 357 /procure/items?name=pepsi&quantity=a-lot&volume=2L
Thu Dec 29 16:57:36 2011 500 450 /recruit/test/start
Thu Dec 29 17:40:08 2011 500 492 /
Thu Dec 29 17:40:08 2011 200 545 /recruit/test/start
Thu Dec 29 17:52:23 2011 503 534 /recruit/test/start
Thu Dec 29 17:52:23 2011 200 310 /
Thu Dec 29 18:34:37 2011 200 427 /user/setpassword?id=6&password=coffeemug
Thu Dec 29 19:57:31 2011 200 470 /
Thu Dec 29 20:41:38 2011 200 370 /
Thu Dec 29 21:01:29 2011 200 410 /
Thu Dec 29 22:20:27 2011 200 394 /
Thu Dec 29 22:58:20 2011 500 546 /users/signin?uid=5&pwd=yeahright
Thu Dec 29 23:19:05 2011 302 579 /questions/view/all?permissions=all
Fri Dec 30 00:10:23 2011 200 440 /
Fri Dec 30 00:17:03 2011 200 487 /
Fri Dec 30 00:17:03 2011 200 578 /challenges/leaderboard/view
Fri Dec 30 00:17:03 2011 200 379 /
Fri Dec 30 00:43:31 2011 200 418 /
Fri Dec 30 01:45:26 2011 200 485 /
Fri Dec 30 02:23:57 2011 200 374 /
Fri Dec 30 02:23:57 2011 200 467 /
Fri Dec 30 02:36:00 2011 302 476 /
Fri Dec 30 03:41:13 2011 200 542 /challenges/solve/submit
Fri Dec 30 04:31:00 2011 200 484 /
Fri Dec 30 05:16:27 2011 200 424 /questions/view/all?permissions=all
Fri Dec 30 06:00:01 2011 200 484 /questions/view/all?permissions=all
Fri Dec 30 06:02:14 2011 200 598 /users/signout
Fri Dec 30 06:02:14 2011 404 440 /
Fri Dec 30 06:13:27 2011 200 468 /users/signin?uid=5&pwd=yeahright
Fri Dec 30 07:08:49 2011 200 509 /
Fri Dec 30 08:29:26 2011 200 319 /
Fri Dec 30 08:33:54 2011 200 314 /
Fri Dec 30 09:53:23 2011 200 306 /challenges/solve/submit
Fri Dec 30 10:16:17 2011 200 363 /users/signout
Fri Dec 30 11:11:24 2011 404 436 /challenges/solve/submit
Fri Dec 30 11:19:36 2011 200 467 /
Fri Dec 30 11:57:31 2011 200 542 /challenges/leaderboard/view
Fri Dec 30 12:30:17 2011 200 527 /procure/items?name=pepsi&quantity=a-lot&volume=2L
Fri Dec 30 12:57:09 2011 200 589 /
Fri Dec 30 14:18:55 2011 200 426 /users/signout
Fri Dec 30 15:25:19 2011 200 584 /questions/view/all?permissions=all
Fri Dec 30 15:35:22 2011 500 439 /
Fri Dec 30 16:22:04 2011 404 498 /users/signout
Fri Dec 30 17:20:05 2011 200 381 /users/signout
Fri Dec 30 18:04:57 2011 200 463 /questions/view/all?permissions=all
Fri Dec 30 18:13:53 2011 200 588 /
Fri Dec 30 19:00:14 2011 200 557 /challenges/solve/view
Fri Dec 30 19:25:20 2011 404 591 /
Fri Dec 30 20:29:44 2011 301 390 /challenges/solve/view
Fri Dec 30 21:38:02 2011 200 565 /procure/items?name=pepsi&quantity=a-lot&volume=2L
Fri Dec 30 22:35:59 2011 200 420 /
Fri Dec 30 23:22:04 2011 404 590 /users/signout
Fri Dec 30 23:22:04 2011 404 507 /
Fri Dec 30 23:22:04 2011 503 483 /user/setpassword?id=6&password=coffeemug
Sat Dec 31 00:21:34 2011 200 569 /users/signin?uid=5&pwd=yeahright
Sat Dec 31 01:07:33 2011 200 508 /
Sat Dec 31 01:07:33 2011 200 467 /recruit/test/start
Sat Dec 31 02:16:12 2011 301 474 /
Sat Dec 31 02:32:12 2011 200 509 /challenges/leaderboard/view
Sat Dec 31 02:32:12 2011 200 364 /
Sat Dec 31 03:09:01 2011 200 435 /
Sat Dec 31 03:09:01 2011 200 336 /user/setpassword?id=6&password=coffeemug
Sat Dec 31 04:31:35 2011 301 586 /recruit/test/start
Sat Dec 31 04:31:35 2011 200 367 /
Sat Dec 31 04:58:06 2011 200 394 /challenges/solve/view
Sat Dec 31 05:26:37 2011 200 343 /procure/items?name=pepsi&quantity=a-lot&volume=2L
Sat Dec 31 05:29:59 2011 200 383 /
Sat Dec 31 05:29:59 2011 302 494 /
Sat Dec 31 06:05:43 2011 200 411 /
Sat Dec 31 06:58:13 2011 200 354 /
Sat Dec 31 06:58:13 2011 200 579 /challenges/leaderboard/view
Sat Dec 31 07:34:40 2011 200 568 /procure/items?name=pepsi&quantity=a-lot&volume=2L
Sat Dec 31 07:34:40 2011 200 398 /challenges/leaderboard/view
Sat Dec 31 07:36:17 2011 200 309 /users/signout
Sat Dec 31 07:51:18 2011 503 432 /
Sat Dec 31 07:51:18 2011 200 458 /
Sat Dec 31 08:08:49 2011 200 509 /challenges/leaderboard/view
Sat Dec 31 09:03:22 2011 301 310 /
Sat Dec 31 09:59:03 2011 500 486 /challenges/solve/view
Sat Dec 31 10:37:21 2011 200 569 /user/setpassword?id=6&password=coffeemug
Sat Dec 31 10:54:20 2011 200 318 /
Sat Dec 31 11:07:46 2011 200 381 /recruit/test/start
Sat Dec 31 11:07:46 2011 200 429 /
Sat Dec 31 12:05:22 2011 301 301 /
Sat Dec 31 13:20:08 2011 200 578 /
Sat Dec 31 14:07:37 2011 200 301 /
Sat Dec 31 14:07:37 2011 200 380 /procure/items?name=pepsi&quantity=a-lot&volume=2L
Sat Dec 31 14:40:17 2011 301 394 /
Sat Dec 31 15:21:35 2011 200 511 /users/signout
Sat Dec 31 15:21:35 2011 404 524 /
Sat Dec 31 15:55:14 2011 500 422 /questions/view/all?permissions=all
Sat Dec 31 17:04:24 2011 301 371 /challenges/leaderboard/view
Sat Dec 31 17:04:24 2011 200 363 /challenges/solve/submit
Sat Dec 31 18:11:07 2011 200 503 /users/signin?uid=5&pwd=yeahright
Sat Dec 31 18:23:46 2011 200 545 /questions/view/all?permissions=all
Sat Dec 31 19:42:52 2011 200 325 /
Sat Dec 31 19:42:52 2011 200 316 /
Sat Dec 31 20:47:35 2011 200 494 /challenges/solve/view
Sat Dec 31 20:52:23 2011 200 466 /user/setpassword?id=6&password=coffeemug
Sat Dec 31 21:03:49 2011 200 343 /user/setpassword?id=6&password=coffeemug
Sat Dec 31 22:08:53 2011 404 346 /
Sat Dec 31 22:35:54 2011 200 512 /challenges/solve/submit
Sat Dec 31 22:35:54 2011 500 598 /
Sat Dec 31 22:35:54 2011 404 313 /
Sat Dec 31 22:35:54 2011 500 433 /
Sat Dec 31 23:00:05 2011 200 301 /
Sat Dec 31 23:42:07 2011 200 581 /challenges/solve/submit
Sat Dec 31 23:51:07 2011 200 551 /challenges/leaderboard/view
Sat Dec 31 23:51:07 2011 200 459 /
Sat Dec 31 23:51:07 2011 200 412 /challenges/leaderboard/view
Sun Jan  1 00:46:42 2012 200 461 /
Sun Jan  1 01:23:16 2012 200 597 /recruit/test/start
Sun Jan  1 01:23:16 2012 200 453 /recruit/test/start
Sun Jan  1 01:23:16 2012 200 400 /questions/view/all?permissions=all
Sun Jan  1 02:35:30 2012 200 543 /questions/view/all?permissions=all
Sun Jan  1 02:59:36 2012 200 552 /
Sun Jan  1 03:05:03 2012 200 340 /procure/items?name=pepsi&quantity=a-lot&volume=2L
Sun Jan  1 04:21:56 2012 200 449 /challenges/leaderboard/view
Sun Jan  1 04:35:12 2012 200 323 /
Sun Jan  1 05:25:14 2012 200 434 /recruit/test/start
Sun Jan  1 06:04:29 2012 301 326 /
Sun Jan  1 07:11:19 2012 301 470 /
Sun Jan  1 07:11:19 2012 200 395 /questions/view/all?permissions=all
Sun Jan  1 07:11:19 2012 200 469 /
Sun Jan  1 07:49:40 2012 200 360 /procure/items?name=pepsi&quantity=a-lot&volume=2L
Sun Jan  1 07:54:58 2012 200 382 /questions/view/all?permissions=all
Sun Jan  1 07:54:58 2012 200 405 /
Sun Jan  1 08:40:41 2012 200 566 /
Sun Jan  1 08:57:55 2012 200 345 /questions/view/all?permissions=all
Sun Jan  1 09:02:54 2012 503 524 /challenges/solve/submit
Sun Jan  1 10:11:38 2012 200 513 /recruit/test/start
Sun Jan  1 10:11:38 2012 200 381 /
Sun Jan  1 10:13:42 2012 200 524 /
Sun Jan  1 10:13:42 2012 503 511 /users/signin?uid=5&pwd=yeahright
Sun Jan  1 11:15:13 2012 200 435 /procure/items?name=pepsi&quantity=a-lot&volume=2L
Sun Jan  1 12:07:49 2012 200 485 /
Sun Jan  1 12:22:08 2012 302 459 /
Sun Jan  1 13:25:28 2012 200 577 /
Sun Jan  1 13:25:28 2012 200 554 /challenges/leaderboard/view
Sun Jan  1 14:06:44 2012 200 348 /
Sun Jan  1 14:09:57 2012 200 489 /
Sun Jan  1 14:11:25 2012 200 477 /recruit/test/start
Sun Jan  1 14:11:25 2012 503 369 /
Sun Jan  1 15:31:43 2012 200 417 /users/signout
Sun Jan  1 15:59:16 2012 200 304 /
Sun Jan  1 16:12:25 2012 500 457 /questions/view/all?permissions=all
Sun Jan  1 16:29:05 2012 200 500 /challenges/solve/submit
Sun Jan  1 17:20:41 2012 503 499 /
Sun Jan  1 18:14:01 2012 200 573 /
Sun Jan  1 19:35:04 2012 200 361 /
Sun Jan  1 20:22:06 2012 200 426 /
Sun Jan  1 21:04:00 2012 200 305 /questions/view/all?permissions=all
Sun Jan  1 21:14:54 2012 200 468 /
Sun Jan  1 22:08:13 2012 200 368 /
Sun Jan  1 22:52:25 2012 200 478 /questions/view/all?permissions=all
Mon Jan  2 00:04:17 2012 200 470 /
Mon Jan  2 00:04:17 2012 200 323 /users/signout
Mon Jan  2 00:04:17 2012 200 583 /user/setpassword?id=6&password=coffeemug
Mon Jan  2 00:51:08 2012 200 497 /
Mon Jan  2 01:03:12 2012 200 544 /challenges/solve/submit
Mon Jan  2 01:03:12 2012 200 569 /
Mon Jan  2 02:06:47 2012 500 502 /user/setpassword?id=6&password=coffeemug
Mon Jan  2 02:06:47 2012 200 547 /challenges/solve/submit
Mon Jan  2 02:06:47 2012 200 384 /procure/items?name=pepsi&quantity=a-lot&volume=2L
Mon Jan  2 02:56:56 2012 500 363 /recruit/test/start
Mon Jan  2 03:53:40 2012 200 391 /users/signin?uid=5&pwd=yeahright
Mon Jan  2 04:35:12 2012 200 560 /
Mon Jan  2 05:42:04 2012 200 522 /challenges/solve/submit
Mon Jan  2 05:42:04 2012 200 483 /challenges/leaderboard/view
Mon Jan  2 06:16:44 2012 200 462 /users/signin?uid=5&pwd=yeahright
Mon Jan  2 06:16:44 2012 302 546 /
Mon Jan  2 06:30:14 2012 200 583 /recruit/test/start
Mon Jan  2 07:20:49 2012 200 375 /
Mon Jan  2 08:03:31 2012 200 425 /
Mon Jan  2 08:19:52 2012 200 396 /
Mon Jan  2 08:23:17 2012 500 501 /user/setpassword?id=6&password=coffeemug
Mon Jan  2 08:31:51 2012 200 510 /users/signout
Mon Jan  2 09:39:02 2012 200 345 /
Mon Jan  2 10:41:15 2012 302 584 /challenges/solve/submit
Mon Jan  2 11:53:15 2012 301 551 /users/signout
Mon Jan  2 13:09:44 2012 200 597 /users/signin?uid=5&pwd=yeahright
Mon Jan  2 14:21:20 2012 200 598 /
Mon Jan  2 14:53:37 2012 200 504 /procure/items?name=pepsi&quantity=a-lot&volume=2L
Mon Jan  2 15:44:22 2012 200 540 /challenges/leaderboard/view
Mon Jan  2 16:36:49 2012 404 499 /procure/items?name=pepsi&quantity=a-lot&volume=2L
Mon Jan  2 17:05:14 2012 302 336 /
Mon Jan  2 18:22:57 2012 200 523 /
Mon Jan  2 18:22:57 2012 503 404 /
Mon Jan  2 18:22:57 2012 200 360 /
Mon Jan  2 18:40:13 2012 200 567 /challenges/leaderboard/view
Mon Jan  2 18:40:13 2012 404 437 /recruit/test/start
Mon Jan  2 19:03:48 2012 404 457 /challenges/solve/view
Mon Jan  2 19:36:30 2012 200 360 /recruit/test/start
Mon Jan  2 20:37:59 2012 200 569 /challenges/solve/submit
Mon Jan  2 21:00:53 2012 500 564 /challenges/leaderboard/view
Mon Jan  2 22:16:02 2012 200 415 /
Mon Jan  2 22:17:23 2012 200 478 /challenges/solve/submit
Mon Jan  2 22:17:23 2012 302 546 /questions/view/all?permissions=all
Mon Jan  2 23:02:30 2012 200 374 /procure/items?name=pepsi&quantity=a-lot&volume=2L
Mon Jan  2 23:02:30 2012 200 301 /
Tue Jan  3 00:03:35 2012 200 395 /users/signout
Tue Jan  3 00:59:39 2012 200 414 /
Tue Jan  3 00:59:39 2012 200 342 /
Tue Jan  3 01:44:26 2012 301 338 /user/setpassword?id=6&password=coffeemug
Tue Jan  3 02:45:52 2012 200 427 /questions/view/all?permissions=all
Tue Jan  3 02:46:30 2012 200 382 /users/signin?uid=5&pwd=yeahright
Tue Jan  3 04:08:50 2012 404 344 /users/signin?uid=5&pwd=yeahright
Tue Jan  3 04:08:50 2012 200 547 /questions/view/all?permissions=all
Tue Jan  3 04:26:46 2012 200 399 /user/setpassword?id=6&password=coffeemug
Tue Jan  3 05:00:07 2012 200 352 /
Tue Jan  3 05:07:37 2012 200 492 /
Tue Jan  3 06:02:40 2012 200 306 /
Tue Jan  3 07:23:57 2012 200 411 /
Tue Jan  3 08:33:49 2012 200 384 /user/setpassword?id=6&password=coffeemug
Tue Jan  3 09:39:29 2012 404 523 /procure/items?name=pepsi&quantity=a-lot&volume=2L
Tue Jan  3 09:41:51 2012 200 536 /
Tue Jan  3 10:13:00 2012 200 475 /recruit/test/start
Tue Jan  3 11:04:50 2012 301 581 /procure/items?name=pepsi&quantity=a-lot&volume=2L
Tue Jan  3 11:11:27 2012 404 493 /
Tue Jan  3 11:38:05 2012 200 320 /challenges/solve/view
Tue Jan  3 11:38:05 2012 200 538 /questions/view/all?permissions=all
Tue Jan  3 11:49:25 2012 500 465 /user/setpassword?id=6&password=coffeemug
Tue Jan  3 12:40:19 2012 200 396 /challenges/leaderboard/view
Tue Jan  3 13:49:33 2012 200 472 /challenges/solve/submit
Tue Jan  3 14:40:11 2012 200 546 /
Tue Jan  3 15:20:30 2012 200 588 /
Tue Jan  3 16:42:24 2012 301 449 /users/signin?uid=5&pwd=yeahright
Tue Jan  3 17:40:20 2012 200 596 /challenges/solve/view
Tue Jan  3 18:39:40 2012 404 481 /recruit/test/start
Tue Jan  3 19:49:45 2012 200 395 /
Tue Jan  3 20:21:37 2012 404 571 /challenges/solve/submit
Tue Jan  3 20:45:25 2012 200 404 /
Tue Jan  3 20:45:25 2012 200 505 /questions/view/all?permissions=all
Tue Jan  3 20:45:25 2012 200 406 /
Tue Jan  3 22:08:15 2012 200 556 /
Tue Jan  3 22:59:06 2012 200 503 /challenges/leaderboard/view
Tue Jan  3 23:30:06 2012 200 341 /questions/view/all?permissions=all
Wed Jan  4 00:08:52 2012 302 390 /challenges/leaderboard/view
Wed Jan  4 01:21:43 2012 200 383 /challenges/solve/submit
Wed Jan  4 02:42:42 2012 302 500 /
Wed Jan  4 02:42:42 2012 200 521 /user/setpassword?id=6&password=coffeemug
Wed Jan  4 03:55:25 2012 500 536 /users/signout
Wed Jan  4 03:55:25 2012 200 488 /
Wed Jan  4 04:20:21 2012 200 585 /
Wed Jan  4 04:46:59 2012 200 401 /
Wed Jan  4 05:38:01 2012 200 547 /questions/view/all?permissions=all
Wed Jan  4 06:23:35 2012 200 594 /users/signin?uid=5&pwd=yeahright
Wed Jan  4 06:28:24 2012 301 377 /challenges/solve/view
Wed Jan  4 06:45:30 2012 200 495 /challenges/leaderboard/view
Wed Jan  4 07:15:59 2012 200 481 /users/signin?uid=5&pwd=yeahright
Wed Jan  4 07:58:43 2012 200 582 /
Wed Jan  4 08:13:33 2012 200 365 /users/signout
Wed Jan  4 08:21:58 2012 500 557 /users/signin?uid=5&pwd=yeahright
Wed Jan  4 08:50:05 2012 200 585 /challenges/solve/submit
Wed Jan  4 09:17:15 2012 500 446 /
Wed Jan  4 09:17:15 2012 404 464 /
Wed Jan  4 09:17:15 2012 500 548 /questions/view/all?permissions=all
Wed Jan  4 09:18:13 2012 200 327 /users/signout
Wed Jan  4 09:46:50 2012 200 537 /
Wed Jan  4 10:45:28 2012 200 569 /challenges/solve/submit
Wed Jan  4 10:45:28 2012 200 383 /challenges/leaderboard/view
Wed Jan  4 11:24:20 2012 200 504 /
Wed Jan  4 12:22:25 2012 200 364 /users/signin?uid=5&pwd=yeahright
Wed Jan  4 13:07:55 2012 200 541 /
Wed Jan  4 13:46:35 2012 404 499 /challenges/solve/submit
Wed Jan  4 14:15:19 2012 200 551 /
Wed Jan  4 14:39:33 2012 302 400 /users/signin?uid=5&pwd=yeahright
Wed Jan  4 14:56:08 2012 200 402 /questions/view/all?permissions=all
Wed Jan  4 15:16:24 2012 200 490 /user/setpassword?id=6&password=coffeemug
Wed Jan  4 16:00:04 2012 200 460 /
Wed Jan  4 17:16:30 2012 200 467 /challenges/solve/view
Wed Jan  4 18:22:51 2012 200 521 /
Wed Jan  4 18:48:37 2012 200 519 /questions/view/all?permissions=all
Wed Jan  4 19:18:40 2012 200 561 /users/signin?uid=5&pwd=yeahright
Wed Jan  4 20:36:59 2012 200 563 /procure/items?name=pepsi&quantity=a-lot&volume=2L
Wed Jan  4 21:09:58 2012 200 319 /questions/view/all?permissions=all
Wed Jan  4 21:19:56 2012 200 347 /challenges/leaderboard/view
Wed Jan  4 21:19:56 2012 200 304 /
Wed Jan  4 21:19:56 2012 404 585 /challenges/solve/submit
Wed Jan  4 21:44:11 2012 200 472 /
Wed Jan  4 22:46:35 2012 200 563 /
Wed Jan  4 23:28:34 2012 302 473 /procure/items?name=pepsi&quantity=a-lot&volume=2L
Wed Jan  4 23:28:34 2012 200 379 /
Wed Jan  4 23:29:20 2012 200 531 /
Thu Jan  5 00:19:26 2012 200 572 /
Thu Jan  5 01:25:44 2012 503 313 /users/signin?uid=5&pwd=yeahright
Thu Jan  5 02:15:02 2012 200 393 /questions/view/all?permissions=all
Thu Jan  5 03:35:33 2012 200 530 /challenges/leaderboard/view
Thu Jan  5 04:16:38 2012 200 350 /questions/view/all?permissions=all
Thu Jan  5 05:19:49 2012 500 364 /users/signout
Thu Jan  5 06:19:24 2012 200 358 /
Thu Jan  5 06:52:44 2012 200 449 /user/setpassword?id=6&password=coffeemug
Thu Jan  5 06:55:46 2012 200 566 /challenges/solve/view
Thu Jan  5 08:15:28 2012 500 441 /challenges/solve/submit
Thu Jan  5 09:17:19 2012 404 347 /procure/items?name=pepsi&quantity=a-lot&volume=2L
Thu Jan  5 09:36:36 2012 200 379 /challenges/solve/submit
Thu Jan  5 09:36:36 2012 301 368 /
Thu Jan  5 10:13:51 2012 503 504 /procure/items?name=pepsi&quantity=a-lot&volume=2L
Thu Jan  5 10:13:51 2012 200 449 /users/signin?uid=5&pwd=yeahright
Thu Jan  5 11:23:17 2012 200 584 /user/setpassword?id=6&password=coffeemug
Thu Jan  5 12:19:51 2012 200 387 /challenges/leaderboard/view
Thu Jan  5 12:36:32 2012 200 593 /users/signout
Thu Jan  5 13:11:27 2012 404 450 /
Thu Jan  5 13:26:52 2012 200 384 /
Thu Jan  5 14:33:36 2012 200 302 /user/setpassword?id=6&password=coffeemug
Thu Jan  5 14:33:36 2012 200 579 /recruit/test/start
Thu Jan  5 15:43:11 2012 200 420 /
Thu Jan  5 16:31:38 2012 200 339 /users/signout
Thu Jan  5 16:37:00 2012 200 461 /
Thu Jan  5 16:53:26 2012 200 300 /
Thu Jan  5 18:08:17 2012 200 579 /
Thu Jan  5 19:21:31 2012 404 374 /challenges/leaderboard/view
Thu Jan  5 19:21:31 2012 301 589 /challenges/solve/view
Thu Jan  5 19:21:31 2012 404 498 /
Thu Jan  5 19:45:06 2012 200 319 /recruit/test/start
Thu Jan  5 19:45:06 2012 200 485 /
Thu Jan  5 20:12:15 2012 200 523 /challenges/solve/submit
Thu Jan  5 21:09:09 2012 200 412 /challenges/leaderboard/view
Thu Jan  5 21:09:09 2012 200 489 /challenges/solve/view
Thu Jan  5 21:34:25 2012 404 467 /
Thu Jan  5 21:44:26 2012 200 360 /challenges/solve/view
Thu Jan  5 22:18:18 2012 200 424 /challenges/solve/submit
Thu Jan  5 23:15:16 2012 200 333 /
Thu Jan  5 23:20:19 2012 200 510 /challenges/leaderboard/view
Thu Jan  5 23:20:19 2012 500 539 /user/setpassword?id=6&password=coffeemug
Thu Jan  5 23:23:36 2012 301 559 /challenges/leaderboard/view
Thu Jan  5 23:39:40 2012 404 475 /challenges/leaderboard/view
Fri Jan  6 00:35:18 2012 200 551 /challenges/leaderboard/view
Fri Jan  6 01:35:49 2012 200 484 /challenges/leaderboard/view
Fri Jan  6 01:35:49 2012 200 395 /users/signin?uid=5&pwd=yeahright
Fri Jan  6 02:46:07 2012 404 430 /users/signin?uid=5&pwd=yeahright
Fri Jan  6 03:23:52 2012 200 451 /challenges/solve/submit
Fri Jan  6 03:23:52 2012 200 579 /
Fri Jan  6 03:23:52 2012 200 315 /users/signout
Fri Jan  6 04:46:48 2012 503 548 /challenges/solve/submit
Fri Jan  6 05:17:04 2012 200 418 /challenges/solve/submit
Fri Jan  6 05:43:10 2012 500 463 /users/signout
Fri Jan  6 06:58:01 2012 200 582 /
Fri Jan  6 08:18:34 2012 200 330 /recruit/test/start
Fri Jan  6 09:08:57 2012 200 378 /
Fri Jan  6 09:18:29 2012 404 350 /challenges/leaderboard/view
Fri Jan  6 10:14:54 2012 301 419 /questions/view/all?permissions=all
Fri Jan  6 10:28:30 2012 301 503 /challenges/leaderboard/view
Fri Jan  6 10:45:37 2012 200 407 /user/setpassword?id=6&password=coffeemug
Fri Jan  6 10:45:37 2012 200 520 /questions/view/all?permissions=all
Fri Jan  6 10:45:37 2012 301 449 /
Fri Jan  6 11:14:46 2012 200 569 /challenges/solve/submit
Fri Jan  6 12:22:16 2012 200 360 /challenges/solve/submit
Fri Jan  6 13:05:40 2012 200 476 /questions/view/all?permissions=all
Fri Jan  6 13:24:10 2012 200 379 /users/signout
Fri Jan  6 13:54:18 2012 200 559 /user/setpassword?id=6&password=coffeemug
Fri Jan  6 14:37:04 2012 200 408 /challenges/solve/submit
Fri Jan  6 14:39:10 2012 200 340 /challenges/solve/view
Fri Jan  6 15:26:11 2012 200 439 /procure/items?name=pepsi&quantity=a-lot&volume=2L
Fri Jan  6 16:09:22 2012 200 330 /
Fri Jan  6 16:09:22 2012 302 352 /
Fri Jan  6 16:50:30 2012 200 458 /users/signin?uid=5&pwd=yeahright
Fri Jan  6 17:16:38 2012 200 555 /
Fri Jan  6 17:42:57 2012 200 387 /
Fri Jan  6 18:57:27 2012 301 502 /challenges/solve/submit
Fri Jan  6 18:57:27 2012 404 311 /user/setpassword?id=6&password=coffeemug
Fri Jan  6 20:11:27 2012 200 415 /user/setpassword?id=6&password=coffeemug
Fri Jan  6 20:52:59 2012 200 354 /challenges/solve/view
Fri Jan  6 20:52:59 2012 200 348 /
Fri Jan  6 21:45:21 2012 200 466 /
Fri Jan  6 22:15:27 2012 200 421 /questions/view/all?permissions=all
Fri Jan  6 22:48:55 2012 200 474 /recruit/test/start
Fri Jan  6 23:44:20 2012 200 506 /
Fri Jan  6 23:57:13 2012 200 451 /users/signin?uid=5&pwd=yeahright
Sat Jan  7 01:06:46 2012 200 594 /
Sat Jan  7 01:06:46 2012 200 437 /
Sat Jan  7 01:06:46 2012 200 346 /challenges/solve/view
Sat Jan  7 01:20:03 2012 200 387 /
Sat Jan  7 02:01:10 2012 200 422 /challenges/solve/view
Sat Jan  7 02:01:10 2012 200 310 /
Sat Jan  7 02:33:44 2012 200 389 /
Sat Jan  7 03:14:42 2012 200 538 /users/signin?uid=5&pwd=yeahright
Sat Jan  7 03:44:38 2012 200 413 /challenges/solve/submit
Sat Jan  7 03:52:57 2012 200 423 /users/signout
Sat Jan  7 04:45:39 2012 200 389 /user/setpassword?id=6&password=coffeemug
Sat Jan  7 05:53:44 2012 200 346 /challenges/solve/submit
Sat Jan  7 06:06:18 2012 200 402 /user/setpassword?id=6&password=coffeemug
Sat Jan  7 06:13:34 2012 200 336 /users/signout
Sat Jan  7 06:50:31 2012 200 599 /
Sat Jan  7 07:52:19 2012 200 320 /challenges/solve/submit
Sat Jan  7 08:57:40 2012 200 330 /
Sat Jan  7 10:14:57 2012 200 442 /user/setpassword?id=6&password=coffeemug
Sat Jan  7 11:21:08 2012 301 497 /procure/items?name=pepsi&quantity=a-lot&volume=2L
Sat Jan  7 11:57:20 2012 200 326 /challenges/leaderboard/view
Sat Jan  7 13:14:40 2012 500 571 /
Sat Jan  7 13:14:40 2012 200 562 /recruit/test/start
Sat Jan  7 13:18:43 2012 200 325 /user/setpassword?id=6&password=coffeemug
Sat Jan  7 14:39:09 2012 301 394 /challenges/leaderboard/view
Sat Jan  7 16:00:26 2012 200 307 /procure/items?name=pepsi&quantity=a-lot&volume=2L
Sat Jan  7 16:52:24 2012 200 505 /procure/items?name=pepsi&quantity=a-lot&volume=2L
Sat Jan  7 18:04:28 2012 200 474 /
Sat Jan  7 18:26:54 2012 404 502 /
Sat Jan  7 18:44:08 2012 301 446 /users/signin?uid=5&pwd=yeahright
Sat Jan  7 19:22:34 2012 404 510 /challenges/solve/view
Sat Jan  7 19:57:02 2012 200 316 /
Sat Jan  7 19:57:02 2012 500 527 /
Sat Jan  7 20:00:02 2012 200 514 /procure/items?name=pepsi&quantity=a-lot&volume=2L
Sat Jan  7 20:51:42 2012 200 432 /users/signin?uid=5&pwd=yeahright
Sat Jan  7 20:51:42 2012 200 368 /
Sat Jan  7 21:03:56 2012 200 305 /
Sat Jan  7 21:23:26 2012 404 595 /recruit/test/start
Sat Jan  7 21:23:26 2012 404 460 /
Sat Jan  7 22:19:05 2012 503 306 /user/setpassword?id=6&password=coffeemug
Sat Jan  7 22:36:31 2012 200 520 /challenges/solve/submit
Sat Jan  7 22:36:31 2012 404 353 /challenges/solve/submit
Sat Jan  7 23:32:48 2012 200 383 /recruit/test/start
Sun Jan  8 00:33:21 2012 302 509 /procure/items?name=pepsi&quantity=a-lot&volume=2L
Sun Jan  8 00:33:21 2012 200 341 /challenges/solve/submit
Sun Jan  8 01:43:13 2012 200 557 /challenges/solve/view
Sun Jan  8 02:53:13 2012 200 392 /questions/view/all?permissions=all
Sun Jan  8 03:49:16 2012 404 514 /
Sun Jan  8 03:49:16 2012 200 354 /questions/view/all?permissions=all
Sun Jan  8 04:38:24 2012 200 517 /
Sun Jan  8 04:46:49 2012 200 363 /
Sun Jan  8 05:14:28 2012 200 486 /
Sun Jan  8 06:34:27 2012 404 489 /users/signout
Sun Jan  8 06:34:27 2012 200 461 /
Sun Jan  8 06:34:58 2012 200 473 /users/signout
Sun Jan  8 07:20:43 2012 200 307 /challenges/solve/view
Sun Jan  8 08:26:03 2012 503 406 /users/signin?uid=5&pwd=yeahright
Sun Jan  8 09:18:55 2012 200 573 /
Sun Jan  8 09:18:55 2012 200 592 /challenges/solve/view
Sun Jan  8 09:18:55 2012 301 506 /
Sun Jan  8 09:42:59 2012 200 360 /questions/view/all?permissions=all
Sun Jan  8 10:52:55 2012 200 599 /procure/items?name=pepsi&quantity=a-lot&volume=2L
Sun Jan  8 12:07:39 2012 200 560 /challenges/solve/view
Sun Jan  8 12:44:45 2012 200 509 /recruit/test/start
Sun Jan  8 13:23:31 2012 200 425 /recruit/test/start
Sun Jan  8 13:23:31 2012 200 307 /challenges/solve/submit
Sun Jan  8 13:59:18 2012 200 369 /users/signout
Sun Jan  8 13:59:18 2012 404 470 /users/signout
Sun Jan  8 14:17:41 2012 200 464 /
Sun Jan  8 14:37:05 2012 200 571 /recruit/test/start
Sun Jan  8 14:37:05 2012 301 451 /users/signout
Sun Jan  8 15:20:20 2012 500 533 /recruit/test/start
Sun Jan  8 15:55:55 2012 200 480 /
Sun Jan  8 16:43:51 2012 301 553 /challenges/solve/submit
Sun Jan  8 16:45:23 2012 200 477 /questions/view/all?permissions=all
Sun Jan  8 16:45:23 2012 200 449 /questions/view/all?permissions=all
Sun Jan  8 17:33:31 2012 200 526 /challenges/leaderboard/view
Sun Jan  8 17:57:21 2012 200 493 /
Sun Jan  8 19:04:10 2012 200 479 /
Sun Jan  8 19:49:09 2012 200 309 /
Sun Jan  8 20:56:30 2012 302 445 /
Sun Jan  8 21:34:12 2012 200 536 /challenges/leaderboard/view
Sun Jan  8 21:34:12 2012 503 521 /challenges/solve/view
Sun Jan  8 21:48:00 2012 200 592 /user/setpassword?id=6&password=coffeemug
Sun Jan  8 22:04:22 2012 301 406 /challenges/solve/view
Sun Jan  8 22:28:38 2012 200 435 /
Sun Jan  8 23:14:42 2012 200 397 /users/signout
Sun Jan  8 23:14:42 2012 301 486 /procure/items?name=pepsi&quantity=a-lot&volume=2L
Sun Jan  8 23:14:42 2012 200 555 /questions/view/all?permissions=all
Sun Jan  8 23:14:42 2012 404 417 /challenges/solve/submit
Mon Jan  9 00:30:38 2012 200 382 /
Mon Jan  9 01:16:51 2012 200 592 /users/signout
Mon Jan  9 01:31:22 2012 200 571 /questions/view/all?permissions=all
Mon Jan  9 02:22:07 2012 200 352 /challenges/solve/submit
Mon Jan  9 03:22:48 2012 200 358 /procure/items?name=pepsi&quantity=a-lot&volume=2L
Mon Jan  9 03:25:24 2012 200 551 /
Mon Jan  9 04:09:18 2012 200 359 /procure/items?name=pepsi&quantity=a-lot&volume=2L
Mon Jan  9 04:25:33 2012 301 344 /questions/view/all?permissions=all
Mon Jan  9 04:32:14 2012 301 502 /
Mon Jan  9 05:28:34 2012 500 483 /
Mon Jan  9 05:42:12 2012 200 535 /procure/items?name=pepsi&quantity=a-lot&volume=2L
Mon Jan  9 06:46:38 2012 404 400 /
Mon Jan  9 07:49:24 2012 301 599 /users/signout
Mon Jan  9 07:59:27 2012 200 461 /users/signout
Mon Jan  9 08:39:59 2012 200 559 /
Mon Jan  9 08:46:45 2012 404 433 /challenges/leaderboard/view
Mon Jan  9 08:48:17 2012 200 337 /challenges/leaderboard/view
Mon Jan  9 08:50:25 2012 503 598 /user/setpassword?id=6&password=coffeemug
Mon Jan  9 08:50:25 2012 301 510 /procure/items?name=pepsi&quantity=a-lot&volume=2L
Mon Jan  9 09:49:56 2012 301 486 /challenges/leaderboard/view
Mon Jan  9 10:56:38 2012 301 407 /
Mon Jan  9 10:56:38 2012 301 425 /challenges/solve/submit
Mon Jan  9 10:56:38 2012 301 430 /
Mon Jan  9 10:56:38 2012 200 583 /
Mon Jan  9 11:17:35 2012 200 429 /challenges/leaderboard/view
Mon Jan  9 11:20:33 2012 301 549 /users/signout
Mon Jan  9 12:01:33 2012 200 447 /users/signout
Mon Jan  9 13:07:52 2012 200 363 /
Mon Jan  9 13:49:54 2012 200 468 /procure/items?name=pepsi&quantity=a-lot&volume=2L
Mon Jan  9 13:49:54 2012 200 363 /
Mon Jan  9 14:50:09 2012 200 554 /
Mon Jan  9 15:03:04 2012 200 560 /procure/items?name=pepsi&quantity=a-lot&volume=2L
Mon Jan  9 15:05:37 2012 200 555 /challenges/solve/view
Mon Jan  9 15:44:20 2012 200 362 /challenges/solve/submit
Mon Jan  9 16:20:14 2012 200 406 /recruit/test/start
Mon Jan  9 16:36:37 2012 200 562 /
Mon Jan  9 16:36:37 2012 404 574 /challenges/solve/view
Mon Jan  9 17:49:04 2012 200 462 /users/signout
Mon Jan  9 17:56:36 2012 301 527 /users/signin?uid=5&pwd=yeahright
Mon Jan  9 18:46:56 2012 200 566 /
Mon Jan  9 19:08:54 2012 404 593 /users/signout
Mon Jan  9 19:33:17 2012 200 555 /users/signout
Mon Jan  9 20:42:29 2012 200 540 /users/signout
Mon Jan  9 20:42:29 2012 301 393 /procure/items?name=pepsi&quantity=a-lot&volume=2L
Mon Jan  9 22:05:25 2012 200 350 /user/setpassword?id=6&password=coffeemug
Mon Jan  9 22:05:25 2012 200 308 /challenges/leaderboard/view
Mon Jan  9 23:17:57 2012 200 544 /
Tue Jan 10 00:20:27 2012 200 429 /
Tue Jan 10 00:52:43 2012 200 498 /recruit/test/start
Tue Jan 10 01:07:49 2012 200 485 /challenges/leaderboard/view
Tue Jan 10 02:20:15 2012 200 467 /challenges/solve/view
Tue Jan 10 02:20:15 2012 200 519 /
Tue Jan 10 02:20:15 2012 200 332 /
Tue Jan 10 03:25:53 2012 200 390 /
Tue Jan 10 03:25:53 2012 200 370 /procure/items?name=pepsi&quantity=a-lot&volume=2L
Tue Jan 10 03:30:29 2012 200 419 /questions/view/all?permissions=all
Tue Jan 10 04:07:13 2012 200 582 /user/setpassword?id=6&password=coffeemug
Tue Jan 10 04:07:13 2012 200 337 /
Tue Jan 10 04:07:13 2012 503 365 /
Tue Jan 10 04:22:41 2012 200 457 /
Tue Jan 10 04:34:42 2012 200 477 /procure/items?name=pepsi&quantity=a-lot&volume=2L
Tue Jan 10 04:34:42 2012 200 527 /
Tue Jan 10 05:07:23 2012 200 417 /
Tue Jan 10 05:07:23 2012 200 495 /challenges/solve/submit
Tue Jan 10 05:53:59 2012 200 439 /challenges/solve/view
Tue Jan 10 06:25:56 2012 500 330 /user/setpassword?id=6&password=coffeemug
Tue Jan 10 07:27:30 2012 200 508 /
Tue Jan 10 07:41:46 2012 200 369 /
Tue Jan 10 08:34:22 2012 200 354 /
Tue Jan 10 09:38:38 2012 200 325 /recruit/test/start
Tue Jan 10 09:57:21 2012 200 578 /
Tue Jan 10 11:04:06 2012 200 454 /challenges/solve/view
Tue Jan 10 11:33:49 2012 200 361 /
Tue Jan 10 12:47:11 2012 200 401 /
Tue Jan 10 12:57:37 2012 200 370 /users/signin?uid=5&pwd=yeahright
Tue Jan 10 13:39:45 2012 200 314 /users/signout
Tue Jan 10 13:39:45 2012 200 452 /users/signout
Tue Jan 10 14:17:12 2012 200 301 /procure/items?name=pepsi&quantity=a-lot&volume=2L
Tue Jan 10 14:17:12 2012 200 443 /users/signout
Tue Jan 10 14:17:12 2012 500 410 /user/setpassword?id=6&password=coffeemug
Tue Jan 10 15:33:20 2012 200 456 /
Tue Jan 10 16:30:15 2012 200 329 /user/setpassword?id=6&password=coffeemug
Tue Jan 10 16:40:33 2012 200 321 /challenges/solve/view
Tue Jan 10 16:40:33 2012 503 515 /
Tue Jan 10 16:40:33 2012 503 413 /
Tue Jan 10 17:38:44 2012 200 537 /
Tue Jan 10 19:00:08 2012 301 433 /
Tue Jan 10 20:17:41 2012 200 305 /
Tue Jan 10 20:17:41 2012 200 443 /challenges/solve/view
Tue Jan 10 20:55:33 2012 200 470 /users/signout
Tue Jan 10 22:09:27 2012 200 377 /
Tue Jan 10 22:43:31 2012 200 533 /user/setpassword?id=6&password=coffeemug
Tue Jan 10 23:36:55 2012 200 498 /
Wed Jan 11 00:12:21 2012 200 476 /recruit/test/start
Wed Jan 11 00:14:46 2012 200 357 /
Wed Jan 11 01:04:16 2012 200 429 /
Wed Jan 11 01:57:02 2012 200 386 /challenges/leaderboard/view
Wed Jan 11 02:19:45 2012 200 353 /questions/view/all?permissions=all
Wed Jan 11 03:39:02 2012 301 344 /users/signin?uid=5&pwd=yeahright
Wed Jan 11 04:21:09 2012 500 555 /user/setpassword?id=6&password=coffeemug
Wed Jan 11 04:22:42 2012 200 361 /user/setpassword?id=6&password=coffeemug
Wed Jan 11 04:22:42 2012 500 449 /recruit/test/start
Wed Jan 11 04:45:50 2012 503 349 /questions/view/all?permissions=all
Wed Jan 11 06:03:01 2012 200 351 /users/signin?uid=5&pwd=yeahright
Wed Jan 11 07:06:52 2012 200 565 /
Wed Jan 11 07:06:52 2012 200 433 /questions/view/all?permissions=all
Wed Jan 11 07:06:52 2012 200 483 /
Wed Jan 11 08:13:51 2012 200 579 /
Wed Jan 11 09:29:36 2012 200 363 /procure/items?name=pepsi&quantity=a-lot&volume=2L
Wed Jan 11 10:37:15 2012 301 523 /challenges/solve/submit
Wed Jan 11 10:50:46 2012 200 450 /users/signin?uid=5&pwd=yeahright
Wed Jan 11 12:11:33 2012 500 311 /challenges/solve/submit
Wed Jan 11 13:20:40 2012 500 408 /challenges/solve/view
Wed Jan 11 13:20:40 2012 301 308 /
Wed Jan 11 13:21:03 2012 200 559 /users/signin?uid=5&pwd=yeahright
Wed Jan 11 14:04:16 2012 200 402 /
Wed Jan 11 14:09:39 2012 200 306 /questions/view/all?permissions=all
Wed Jan 11 15:17:30 2012 200 399 /users/signout
Wed Jan 11 15:18:24 2012 200 548 /
Wed Jan 11 15:29:42 2012 200 465 /
Wed Jan 11 15:42:34 2012 503 550 /challenges/solve/view
Wed Jan 11 16:34:50 2012 500 538 /procure/items?name=pepsi&quantity=a-lot&volume=2L
Wed Jan 11 17:30:24 2012 200 325 /challenges/leaderboard/view
Wed Jan 11 18:52:40 2012 200 535 /user/setpassword?id=6&password=coffeemug
Wed Jan 11 20:15:24 2012 200 310 /challenges/leaderboard/view
Wed Jan 11 21:00:38 2012 200 341 /
Wed Jan 11 21:55:56 2012 200 506 /
Wed Jan 11 22:17:10 2012 200 432 /
Wed Jan 11 23:39:48 2012 200 351 /
Thu Jan 12 00:37:50 2012 200 588 /
Thu Jan 12 01:21:10 2012 200 573 /
Thu Jan 12 02:16:07 2012 404 382 /challenges/solve/view
Thu Jan 12 02:55:08 2012 200 480 /users/signout
Thu Jan 12 03:59:04 2012 200 489 /user/setpassword?id=6&password=coffeemug
Thu Jan 12 05:20:49 2012 301 542 /
Thu Jan 12 05:20:49 2012 200 341 /
Thu Jan 12 05:55:52 2012 200 517 /users/signout
Thu Jan 12 05:55:52 2012 200 305 /users/signin?uid=5&pwd=yeahright
Thu Jan 12 06:32:16 2012 200 339 /user/setpassword?id=6&password=coffeemug
Thu Jan 12 07:13:48 2012 302 599 /
Thu Jan 12 07:13:48 2012 503 361 /
Thu Jan 12 08:34:38 2012 200 527 /
Thu Jan 12 09:24:01 2012 200 506 /
Thu Jan 12 10:05:18 2012 200 355 /challenges/leaderboard/view
Thu Jan 12 11:25:51 2012 404 408 /
Thu Jan 12 11:25:51 2012 500 509 /challenges/solve/view
Thu Jan 12 11:35:07 2012 301 353 /
Thu Jan 12 12:45:23 2012 200 332 /
Thu Jan 12 12:52:47 2012 200 536 /users/signout
Thu Jan 12 13:03:45 2012 500 477 /
Thu Jan 12 13:34:05 2012 200 450 /questions/view/all?permissions=all
Thu Jan 12 13:34:05 2012 301 543 /users/signin?uid=5&pwd=yeahright
Thu Jan 12 13:54:39 2012 200 452 /user/setpassword?id=6&password=coffeemug
Thu Jan 12 14:53:57 2012 200 459 /
Thu Jan 12 14:53:57 2012 302 395 /
Thu Jan 12 16:12:36 2012 200 589 /
Thu Jan 12 16:43:29 2012 200 307 /
Thu Jan 12 17:55:39 2012 200 338 /users/signin?uid=5&pwd=yeahright
Thu Jan 12 18:11:12 2012 200 364 /
Thu Jan 12 19:19:40 2012 301 576 /procure/items?name=pepsi&quantity=a-lot&volume=2L
Thu Jan 12 20:07:02 2012 200 392 /
Thu Jan 12 21:13:40 2012 301 375 /
Thu Jan 12 21:13:40 2012 200 503 /questions/view/all?permissions=all
Thu Jan 12 21:37:18 2012 500 513 /procure/items?name=pepsi&quantity=a-lot&volume=2L
Thu Jan 12 22:45:07 2012 200 493 /user/setpassword?id=6&password=coffeemug
Thu Jan 12 23:10:51 2012 200 402 /user/setpassword?id=6&password=coffeemug
Fri Jan 13 00:33:34 2012 200 372 /challenges/leaderboard/view
Fri Jan 13 01:50:13 2012 404 342 /
Fri Jan 13 02:57:17 2012 200 574 /challenges/leaderboard/view
Fri Jan 13 03:37:29 2012 200 568 /
Fri Jan 13 03:37:29 2012 200 374 /
Fri Jan 13 03:42:47 2012 200 489 /recruit/test/start
Fri Jan 13 03:50:47 2012 500 347 /
Fri Jan 13 04:07:01 2012 200 466 /
Fri Jan 13 05:17:16 2012 200 553 /users/signout
Fri Jan 13 05:21:05 2012 503 599 /challenges/leaderboard/view
Fri Jan 13 05:44:29 2012 200 494 /recruit/test/start
Fri Jan 13 06:07:58 2012 200 359 /user/setpassword?id=6&password=coffeemug
Fri Jan 13 06:35:32 2012 200 545 /challenges/solve/submit
Fri Jan 13 07:19:59 2012 200 517 /
Fri Jan 13 07:19:59 2012 200 588 /
Fri Jan 13 08:30:57 2012 200 313 /
Fri Jan 13 09:34:27 2012 200 484 /
Fri Jan 13 09:38:18 2012 200 396 /challenges/solve/view
Fri Jan 13 10:13:50 2012 200 592 /users/signin?uid=5&pwd=yeahright
Fri Jan 13 10:13:50 2012 200 526 /recruit/test/start
Fri Jan 13 10:35:08 2012 404 516 /procure/items?name=pepsi&quantity=a-lot&volume=2L
Fri Jan 13 10:35:08 2012 200 378 /recruit/test/start
Fri Jan 13 11:12:57 2012 200 531 /
Fri Jan 13 11:24:21 2012 200 519 /
Fri Jan 13 12:31:02 2012 200 520 /challenges/solve/submit
Fri Jan 13 13:32:32 2012 200 306 /user/setpassword?id=6&password=coffeemug
Fri Jan 13 13:48:37 2012 200 496 /
Fri Jan 13 14:24:26 2012 200 472 /users/signin?uid=5&pwd=yeahright
Fri Jan 13 14:30:29 2012 200 444 /challenges/solve/view
Fri Jan 13 14:57:44 2012 301 451 /recruit/test/start
Fri Jan 13 15:16:11 2012 200 398 /procure/items?name=pepsi&quantity=a-lot&volume=2L
Fri Jan 13 16:10:12 2012 200 448 /
Fri Jan 13 16:56:12 2012 200 599 /challenges/solve/view
Fri Jan 13 18:07:31 2012 200 518 /
Fri Jan 13 18:25:33 2012 404 536 /challenges/solve/submit
Fri Jan 13 18:25:33 2012 404 344 /
